<?xml version="1.0" encoding="UTF-8"?>
<testng-results ignored="0" total="1" passed="1" failed="0" skipped="0">
  <reporter-output>
  </reporter-output>
  <suite started-at="2024-06-02T15:02:53 IST" name="Suite" finished-at="2024-06-02T15:03:12 IST" duration-ms="19014">
    <groups>
    </groups>
    <test started-at="2024-06-02T15:02:53 IST" name="Test" finished-at="2024-06-02T15:03:12 IST" duration-ms="19014">
      <class name="New_jenkins.UItest">
        <test-method signature="Startbrowser()[pri:0, instance:New_jenkins.UItest@76508ed1]" started-at="2024-06-02T15:02:54 IST" name="Startbrowser" finished-at="2024-06-02T15:03:12 IST" duration-ms="18898" status="PASS">
          <reporter-output>
          </reporter-output>
        </test-method> <!-- Startbrowser -->
      </class> <!-- New_jenkins.UItest -->
    </test> <!-- Test -->
  </suite> <!-- Suite -->
</testng-results>
