<?xml version="1.0" encoding="UTF-8"?>
<testng-results ignored="0" total="1" passed="1" failed="0" skipped="0">
  <reporter-output>
  </reporter-output>
  <suite started-at="2024-06-03T12:14:36 IST" name="Suite" finished-at="2024-06-03T12:14:49 IST" duration-ms="12512">
    <groups>
    </groups>
    <test started-at="2024-06-03T12:14:36 IST" name="Test" finished-at="2024-06-03T12:14:49 IST" duration-ms="12512">
      <class name="New_jenkins.UItest">
        <test-method signature="Startbrowser(java.lang.String)[pri:0, instance:New_jenkins.UItest@2c767a52]" started-at="2024-06-03T12:14:36 IST" name="Startbrowser" finished-at="2024-06-03T12:14:49 IST" duration-ms="12435" status="PASS">
          <params>
            <param index="0">
              <value>
                <![CDATA[Edge]]>
              </value>
            </param>
          </params>
          <reporter-output>
          </reporter-output>
        </test-method> <!-- Startbrowser -->
      </class> <!-- New_jenkins.UItest -->
    </test> <!-- Test -->
  </suite> <!-- Suite -->
</testng-results>
